<?xml version="1.0" encoding="UTF-8"?>
<!-- Generated by org.testng.reporters.JUnitReportReporter -->
<testsuite hostname="Chaitanya" failures="0" tests="1" name="restful.booker.JSONPathExamples" time="5.519" errors="0" timestamp="2023-08-26T11:00:30 IST" skipped="0">
  <testcase classname="restful.booker.JSONPathExamples" name="test4" time="5.519"/>
</testsuite> <!-- restful.booker.JSONPathExamples -->
