<?xml version="1.0" encoding="UTF-8"?>
<!-- Generated by org.testng.reporters.JUnitReportReporter -->
<testsuite hostname="Chaitanya" failures="0" tests="2" name="restful.booker.MultipleBookings" time="8.122" errors="0" timestamp="2023-08-20T09:34:27 IST" skipped="0">
  <testcase classname="restful.booker.MultipleBookings" name="updateBooking" time="1.565"/>
  <testcase classname="restful.booker.MultipleBookings" name="createBooking" time="6.557"/>
</testsuite> <!-- restful.booker.MultipleBookings -->
