<?xml version="1.0" encoding="UTF-8"?>
<!-- Generated by org.testng.reporters.JUnitReportReporter -->
<testsuite hostname="Chaitanya" failures="0" tests="3" name="restful.booker.ResponseSpecification_MultipleBookings" time="8.578" errors="0" timestamp="2023-08-20T11:39:14 IST" skipped="0">
  <testcase classname="restful.booker.ResponseSpecification_MultipleBookings" name="overloadedGivenMethod" time="1.410"/>
  <testcase classname="restful.booker.ResponseSpecification_MultipleBookings" name="overloadedGiven" time="1.457"/>
  <testcase classname="restful.booker.ResponseSpecification_MultipleBookings" name="createBooking1" time="5.711"/>
</testsuite> <!-- restful.booker.ResponseSpecification_MultipleBookings -->
