<?xml version="1.0" encoding="UTF-8"?>
<!-- Generated by org.testng.reporters.JUnitReportReporter -->
<testsuite hostname="Chaitanya" failures="0" tests="2" name="restful.booker.RequestSpecification_MultipleBookings" time="7.332" errors="0" timestamp="2023-08-20T12:58:13 IST" skipped="0">
  <testcase classname="restful.booker.RequestSpecification_MultipleBookings" name="updateBooking" time="1.459"/>
  <testcase classname="restful.booker.RequestSpecification_MultipleBookings" name="createBooking" time="5.873"/>
</testsuite> <!-- restful.booker.RequestSpecification_MultipleBookings -->
