<?xml version="1.0" encoding="UTF-8"?>
<!-- Generated by org.testng.reporters.JUnitReportReporter -->
<testsuite hostname="Chaitanya" failures="0" tests="2" name="restful.booker.RestAssuredStaticVariables1" time="7.254" errors="0" timestamp="2023-08-20T13:06:46 IST" skipped="0">
  <testcase classname="restful.booker.RestAssuredStaticVariables1" name="overloadedGivenMethod" time="1.452"/>
  <testcase classname="restful.booker.RestAssuredStaticVariables1" name="createBooking1" time="5.802"/>
</testsuite> <!-- restful.booker.RestAssuredStaticVariables1 -->
