<?xml version="1.0" encoding="UTF-8"?>
<!-- Generated by org.testng.reporters.JUnitReportReporter -->
<testsuite hostname="Chaitanya" failures="0" tests="2" name="restful.booker.RequestSpecification_MultipleBookings" time="6.774" errors="0" timestamp="2023-08-21T19:10:49 IST" skipped="0">
  <testcase classname="restful.booker.RequestSpecification_MultipleBookings" name="updateBooking" time="1.501"/>
  <testcase classname="restful.booker.RequestSpecification_MultipleBookings" name="createBooking" time="5.273"/>
</testsuite> <!-- restful.booker.RequestSpecification_MultipleBookings -->
