<?xml version="1.0" encoding="UTF-8"?>
<!-- Generated by org.testng.reporters.JUnitReportReporter -->
<testsuite hostname="Chaitanya" failures="0" tests="1" name="restful.booker.RestAssuredStaticVariables2" time="1.465" errors="0" timestamp="2023-08-20T13:06:46 IST" skipped="0">
  <testcase classname="restful.booker.RestAssuredStaticVariables2" name="createAuth" time="1.465"/>
</testsuite> <!-- restful.booker.RestAssuredStaticVariables2 -->
